  Source.c
C:\Users\minge\OneDrive\바탕 화면\LetsGoSnakeGame\Source.c(36,6): error C2065: 'key': 선언되지 않은 식별자입니다.
C:\Users\minge\OneDrive\바탕 화면\LetsGoSnakeGame\Source.c(38,13): error C2065: 'key': 선언되지 않은 식별자입니다.
C:\Users\minge\OneDrive\바탕 화면\LetsGoSnakeGame\Source.c(40,21): error C2065: 'maze': 선언되지 않은 식별자입니다.
C:\Users\minge\OneDrive\바탕 화면\LetsGoSnakeGame\Source.c(40,30): error C2065: 'character': 선언되지 않은 식별자입니다.
C:\Users\minge\OneDrive\바탕 화면\LetsGoSnakeGame\Source.c(40,31): error C2224: '.y' 왼쪽에는 구조체/공용 구조체 형식이 있어야 합니다.
C:\Users\minge\OneDrive\바탕 화면\LetsGoSnakeGame\Source.c(40,47): error C2065: 'character': 선언되지 않은 식별자입니다.
C:\Users\minge\OneDrive\바탕 화면\LetsGoSnakeGame\Source.c(40,48): error C2224: '.x' 왼쪽에는 구조체/공용 구조체 형식이 있어야 합니다.
C:\Users\minge\OneDrive\바탕 화면\LetsGoSnakeGame\Source.c(40,72): error C2065: 'character': 선언되지 않은 식별자입니다.
C:\Users\minge\OneDrive\바탕 화면\LetsGoSnakeGame\Source.c(40,73): error C2224: '.y' 왼쪽에는 구조체/공용 구조체 형식이 있어야 합니다.
C:\Users\minge\OneDrive\바탕 화면\LetsGoSnakeGame\Source.c(43,23): error C2065: 'maze': 선언되지 않은 식별자입니다.
C:\Users\minge\OneDrive\바탕 화면\LetsGoSnakeGame\Source.c(43,32): error C2065: 'character': 선언되지 않은 식별자입니다.
C:\Users\minge\OneDrive\바탕 화면\LetsGoSnakeGame\Source.c(43,33): error C2224: '.y' 왼쪽에는 구조체/공용 구조체 형식이 있어야 합니다.
C:\Users\minge\OneDrive\바탕 화면\LetsGoSnakeGame\Source.c(43,45): error C2065: 'character': 선언되지 않은 식별자입니다.
C:\Users\minge\OneDrive\바탕 화면\LetsGoSnakeGame\Source.c(43,46): error C2224: '.x' 왼쪽에는 구조체/공용 구조체 형식이 있어야 합니다.
C:\Users\minge\OneDrive\바탕 화면\LetsGoSnakeGame\Source.c(43,74): error C2065: 'character': 선언되지 않은 식별자입니다.
C:\Users\minge\OneDrive\바탕 화면\LetsGoSnakeGame\Source.c(43,75): error C2224: '.x' 왼쪽에는 구조체/공용 구조체 형식이 있어야 합니다.
C:\Users\minge\OneDrive\바탕 화면\LetsGoSnakeGame\Source.c(46,23): error C2065: 'maze': 선언되지 않은 식별자입니다.
C:\Users\minge\OneDrive\바탕 화면\LetsGoSnakeGame\Source.c(46,32): error C2065: 'character': 선언되지 않은 식별자입니다.
C:\Users\minge\OneDrive\바탕 화면\LetsGoSnakeGame\Source.c(46,33): error C2224: '.y' 왼쪽에는 구조체/공용 구조체 형식이 있어야 합니다.
C:\Users\minge\OneDrive\바탕 화면\LetsGoSnakeGame\Source.c(46,45): error C2065: 'character': 선언되지 않은 식별자입니다.
C:\Users\minge\OneDrive\바탕 화면\LetsGoSnakeGame\Source.c(46,46): error C2224: '.x' 왼쪽에는 구조체/공용 구조체 형식이 있어야 합니다.
C:\Users\minge\OneDrive\바탕 화면\LetsGoSnakeGame\Source.c(46,74): error C2065: 'character': 선언되지 않은 식별자입니다.
C:\Users\minge\OneDrive\바탕 화면\LetsGoSnakeGame\Source.c(46,75): error C2224: '.x' 왼쪽에는 구조체/공용 구조체 형식이 있어야 합니다.
C:\Users\minge\OneDrive\바탕 화면\LetsGoSnakeGame\Source.c(49,22): error C2065: 'maze': 선언되지 않은 식별자입니다.
C:\Users\minge\OneDrive\바탕 화면\LetsGoSnakeGame\Source.c(49,31): error C2065: 'character': 선언되지 않은 식별자입니다.
C:\Users\minge\OneDrive\바탕 화면\LetsGoSnakeGame\Source.c(49,32): error C2224: '.y' 왼쪽에는 구조체/공용 구조체 형식이 있어야 합니다.
C:\Users\minge\OneDrive\바탕 화면\LetsGoSnakeGame\Source.c(49,48): error C2065: 'character': 선언되지 않은 식별자입니다.
C:\Users\minge\OneDrive\바탕 화면\LetsGoSnakeGame\Source.c(49,49): error C2224: '.x' 왼쪽에는 구조체/공용 구조체 형식이 있어야 합니다.
C:\Users\minge\OneDrive\바탕 화면\LetsGoSnakeGame\Source.c(49,73): error C2065: 'character': 선언되지 않은 식별자입니다.
C:\Users\minge\OneDrive\바탕 화면\LetsGoSnakeGame\Source.c(49,74): error C2224: '.y' 왼쪽에는 구조체/공용 구조체 형식이 있어야 합니다.
